Serving on http://0.0.0.0:5000
[10-19 08:58] Session u-xo removed part MBD92000
[10-19 08:58] Session u-xo removed part MBP71316
[10-19 08:58] Session u-xo removed part MRD70170
[10-19 08:58] Session u-xo removed part MBB93106
[10-19 08:58] Session u-xo removed part MAK10110
[10-19 08:58] Session u-xo removed part MAK10110
[10-19 08:58] Session u-xo removed part MBB73525
[10-19 08:58] Session u-xo removed part MQD42005
[10-19 08:58] Session u-xo removed part MBD93010
[10-19 08:58] Session u-xo removed part MBL99800
[10-19 08:58] Session u-xo removed part MBH70200
[10-19 08:58] Session u-xo removed part MBC96100
[10-19 08:58] Session u-xo removed part MBF95400
[10-19 08:58] Session u-xo removed part MBE95205
[10-19 08:58] Session u-xo removed part MBA91000
Serving on http://0.0.0.0:5000
[10-19 22:19] Session u-xo opened SF VA-Alvarez-Eight Ci microscopes_V2.pdf
Serving on http://0.0.0.0:5000
[10-19 22:24] Session u-xo opened SF VA-Alvarez-Eight Ci microscopes_V2 (1).pdf
Serving on http://0.0.0.0:5000
Serving on http://0.0.0.0:5000
Serving on http://0.0.0.0:5000
[10-20 10:55] Session ZboE added part 77060120
[10-20 13:23] Session qPDk initialized: adding part db
[10-20 13:23] Session W9jE initialized: adding part db
[10-20 13:24] Session BBoc initialized: adding part db
[10-20 13:26] Session BBoc added part MRP40102
[10-20 13:26] Session BBoc added part MRP05422
[10-20 13:26] Session BBoc added part MRP02902
[10-20 13:26] Session BBoc added part MRP26202
[10-20 13:26] Session BBoc added part MRP20102
[10-20 13:26] Session BBoc removed part MRP40102
[10-20 13:26] Session BBoc removed part MRP02902
[10-20 13:26] Session BBoc removed part MRP05422
[10-20 13:26] Session BBoc removed part MRP26202
[10-20 13:26] Session BBoc removed part MRP20102
[10-20 13:26] Session BBoc added part MRD70040
[10-20 13:26] Session BBoc added part MRD70470
[10-20 13:26] Session BBoc added part MRD70270
[10-20 13:26] Session BBoc added part MRD70170
[10-20 13:26] Session BBoc added part MRD71970
[10-21 09:14] Session ZboE added part MBE65800
[10-21 09:14] Session ZboE added part MBF95450
[10-21 09:16] Session ZboE added part MBB94521
[10-21 09:17] Session ZboE added part MBB94700
Serving on http://0.0.0.0:5000
Serving on http://0.0.0.0:5000
[10-23 11:09] Session u-xo added part 98721
Serving on http://0.0.0.0:5000
Serving on http://0.0.0.0:5000
